API endpoint: http://[::1]:8080
API endpoint: http://127.0.0.1:8080
If you are using a library that supports the FIRESTORE_EMULATOR_HOST environment variable, run:

   export FIRESTORE_EMULATOR_HOST=[::1]:8080,127.0.0.1:8080

Dev App Server is now running.

Jun 11, 2019 4:45:35 PM io.gapi.emulators.grpc.GrpcServer$3 operationComplete
INFO: Adding handler(s) to newly registered Channel.
Jun 11, 2019 4:45:35 PM io.gapi.emulators.netty.HttpVersionRoutingHandler channelRead
INFO: Detected HTTP/2 connection.
Jun 11, 2019 4:45:36 PM io.gapi.emulators.grpc.GrpcServer$3 operationComplete
INFO: Adding handler(s) to newly registered Channel.
Jun 11, 2019 4:45:36 PM io.gapi.emulators.netty.HttpVersionRoutingHandler channelRead
INFO: Detected HTTP/2 connection.
Jun 11, 2019 4:45:36 PM io.gapi.emulators.grpc.GrpcServer$3 operationComplete
INFO: Adding handler(s) to newly registered Channel.
Jun 11, 2019 4:45:36 PM io.gapi.emulators.netty.HttpVersionRoutingHandler channelRead
INFO: Detected HTTP/2 connection.
Jun 11, 2019 4:45:37 PM com.google.cloud.datastore.emulator.impl.util.WrappedStreamObserver onError
INFO: operation failed: 
Service call error. Function: [get], Argument: [path_value {
  segments {
    simple: "databases"
  }
  segments {
    simple: "(default)"
  }
  segments {
    simple: "documents"
  }
  segments {
    simple: "groups"
  }
  segments {
    simple: "alice_group"
  }
  segments {
    simple: "privileges"
  }
  segments {
    simple: "alice"
  }
}
]. for 'update' @ L41, false for 'update' @ L83
Jun 11, 2019 4:45:37 PM com.google.cloud.datastore.emulator.impl.util.WrappedStreamObserver onError
INFO: operation failed: 
Service call error. Function: [get], Argument: [path_value {
  segments {
    simple: "databases"
  }
  segments {
    simple: "(default)"
  }
  segments {
    simple: "documents"
  }
  segments {
    simple: "groups"
  }
  segments {
    simple: "alice_group"
  }
  segments {
    simple: "privileges"
  }
  segments {
    simple: "bob"
  }
}
]. for 'update' @ L41, false for 'update' @ L83
Jun 11, 2019 4:45:37 PM com.google.cloud.datastore.emulator.impl.util.WrappedStreamObserver onError
INFO: operation failed: 
Null value error. for 'create' @ L24, false for 'create' @ L83
Jun 11, 2019 4:45:37 PM com.google.cloud.datastore.emulator.impl.util.WrappedStreamObserver onError
INFO: operation failed: 
false for 'create' @ L24, false for 'create' @ L83
Jun 11, 2019 4:45:37 PM com.google.cloud.datastore.emulator.impl.util.WrappedStreamObserver onError
INFO: operation failed: 
false for 'create' @ L30, false for 'create' @ L83
Jun 11, 2019 4:45:37 PM com.google.cloud.datastore.emulator.impl.util.WrappedStreamObserver onError
INFO: operation failed: 
false for 'update' @ L30, false for 'update' @ L83
Jun 11, 2019 4:45:38 PM com.google.cloud.datastore.emulator.impl.util.WrappedStreamObserver onError
INFO: operation failed: 
false for 'create' @ L26, false for 'create' @ L83
Jun 11, 2019 4:45:38 PM com.google.cloud.datastore.emulator.impl.util.WrappedStreamObserver onError
INFO: operation failed: 
false for 'update' @ L26, false for 'update' @ L83
